********* QUERY **********
explain (format json) SELECT 
  SUM(lo_extendedprice * lo_discount) AS revenue
FROM 
  lineorder,
  dim_date
WHERE 
  lo_orderdate = d_datekey
  AND d_weeknuminyear = 6
  AND d_year = 1994
  AND lo_discount BETWEEN 5 AND 7
  AND lo_quantity BETWEEN 26 AND 35;

**************************

                                                          QUERY PLAN                                                           
-------------------------------------------------------------------------------------------------------------------------------
 [                                                                                                                            +
   {                                                                                                                          +
     "Plan": {                                                                                                                +
       "Node Type": "Aggregate",                                                                                              +
       "Strategy": "Plain",                                                                                                   +
       "Partial Mode": "Finalize",                                                                                            +
       "Parallel Aware": false,                                                                                               +
       "Async Capable": false,                                                                                                +
       "Startup Cost": 129887.69,                                                                                             +
       "Total Cost": 129887.70,                                                                                               +
       "Plan Rows": 1,                                                                                                        +
       "Plan Width": 8,                                                                                                       +
       "Plans": [                                                                                                             +
         {                                                                                                                    +
           "Node Type": "Gather",                                                                                             +
           "Parent Relationship": "Outer",                                                                                    +
           "Parallel Aware": false,                                                                                           +
           "Async Capable": false,                                                                                            +
           "Startup Cost": 129887.48,                                                                                         +
           "Total Cost": 129887.69,                                                                                           +
           "Plan Rows": 2,                                                                                                    +
           "Plan Width": 8,                                                                                                   +
           "Workers Planned": 2,                                                                                              +
           "Single Copy": false,                                                                                              +
           "Plans": [                                                                                                         +
             {                                                                                                                +
               "Node Type": "Aggregate",                                                                                      +
               "Strategy": "Plain",                                                                                           +
               "Partial Mode": "Partial",                                                                                     +
               "Parent Relationship": "Outer",                                                                                +
               "Parallel Aware": false,                                                                                       +
               "Async Capable": false,                                                                                        +
               "Startup Cost": 128887.48,                                                                                     +
               "Total Cost": 128887.49,                                                                                       +
               "Plan Rows": 1,                                                                                                +
               "Plan Width": 8,                                                                                               +
               "Plans": [                                                                                                     +
                 {                                                                                                            +
                   "Node Type": "Hash Join",                                                                                  +
                   "Parent Relationship": "Outer",                                                                            +
                   "Parallel Aware": false,                                                                                   +
                   "Async Capable": false,                                                                                    +
                   "Join Type": "Inner",                                                                                      +
                   "Startup Cost": 79.43,                                                                                     +
                   "Total Cost": 128885.63,                                                                                   +
                   "Plan Rows": 369,                                                                                          +
                   "Plan Width": 8,                                                                                           +
                   "Inner Unique": true,                                                                                      +
                   "Hash Cond": "(lineorder.lo_orderdate = dim_date.d_datekey)",                                              +
                   "Plans": [                                                                                                 +
                     {                                                                                                        +
                       "Node Type": "Seq Scan",                                                                               +
                       "Parent Relationship": "Outer",                                                                        +
                       "Parallel Aware": true,                                                                                +
                       "Async Capable": false,                                                                                +
                       "Relation Name": "lineorder",                                                                          +
                       "Alias": "lineorder",                                                                                  +
                       "Startup Cost": 0.00,                                                                                  +
                       "Total Cost": 128452.00,                                                                               +
                       "Plan Rows": 134711,                                                                                   +
                       "Plan Width": 12,                                                                                      +
                       "Filter": "((lo_discount >= 5) AND (lo_discount <= 7) AND (lo_quantity >= 26) AND (lo_quantity <= 35))"+
                     },                                                                                                       +
                     {                                                                                                        +
                       "Node Type": "Hash",                                                                                   +
                       "Parent Relationship": "Inner",                                                                        +
                       "Parallel Aware": false,                                                                               +
                       "Async Capable": false,                                                                                +
                       "Startup Cost": 79.34,                                                                                 +
                       "Total Cost": 79.34,                                                                                   +
                       "Plan Rows": 7,                                                                                        +
                       "Plan Width": 4,                                                                                       +
                       "Plans": [                                                                                             +
                         {                                                                                                    +
                           "Node Type": "Seq Scan",                                                                           +
                           "Parent Relationship": "Outer",                                                                    +
                           "Parallel Aware": false,                                                                           +
                           "Async Capable": false,                                                                            +
                           "Relation Name": "dim_date",                                                                       +
                           "Alias": "dim_date",                                                                               +
                           "Startup Cost": 0.00,                                                                              +
                           "Total Cost": 79.34,                                                                               +
                           "Plan Rows": 7,                                                                                    +
                           "Plan Width": 4,                                                                                   +
                           "Filter": "((d_weeknuminyear = 6) AND (d_year = 1994))"                                            +
                         }                                                                                                    +
                       ]                                                                                                      +
                     }                                                                                                        +
                   ]                                                                                                          +
                 }                                                                                                            +
               ]                                                                                                              +
             }                                                                                                                +
           ]                                                                                                                  +
         }                                                                                                                    +
       ]                                                                                                                      +
     },                                                                                                                       +
     "JIT": {                                                                                                                 +
       "Functions": 18,                                                                                                       +
       "Options": {                                                                                                           +
         "Inlining": false,                                                                                                   +
         "Optimization": false,                                                                                               +
         "Expressions": true,                                                                                                 +
         "Deforming": true                                                                                                    +
       }                                                                                                                      +
     }                                                                                                                        +
   }                                                                                                                          +
 ]
(1 row)

