[
    [
        [
            {
                "Plan": {
                    "Node Type": "Sort",
                    "Parallel Aware": false,
                    "Async Capable": false,
                    "Startup Cost": 114045.63,
                    "Total Cost": 114066.17,
                    "Plan Rows": 8214,
                    "Plan Width": 34,
                    "Sort Key": [
                        "dim_date.d_year",
                        "(sum(lineorder.lo_revenue)) DESC"
                    ],
                    "Plans": [
                        {
                            "Node Type": "Aggregate",
                            "Strategy": "Sorted",
                            "Partial Mode": "Finalize",
                            "Parent Relationship": "Outer",
                            "Parallel Aware": false,
                            "Async Capable": false,
                            "Startup Cost": 112494.02,
                            "Total Cost": 113511.56,
                            "Plan Rows": 8214,
                            "Plan Width": 34,
                            "Group Key": [
                                "customer.c_city",
                                "supplier.s_city",
                                "dim_date.d_year"
                            ],
                            "Plans": [
                                {
                                    "Node Type": "Gather Merge",
                                    "Parent Relationship": "Outer",
                                    "Parallel Aware": false,
                                    "Async Capable": false,
                                    "Startup Cost": 112494.02,
                                    "Total Cost": 113360.98,
                                    "Plan Rows": 6844,
                                    "Plan Width": 34,
                                    "Workers Planned": 2,
                                    "Plans": [
                                        {
                                            "Node Type": "Aggregate",
                                            "Strategy": "Sorted",
                                            "Partial Mode": "Partial",
                                            "Parent Relationship": "Outer",
                                            "Parallel Aware": false,
                                            "Async Capable": false,
                                            "Startup Cost": 111494.0,
                                            "Total Cost": 111570.99,
                                            "Plan Rows": 3422,
                                            "Plan Width": 34,
                                            "Group Key": [
                                                "customer.c_city",
                                                "supplier.s_city",
                                                "dim_date.d_year"
                                            ],
                                            "Plans": [
                                                {
                                                    "Node Type": "Sort",
                                                    "Parent Relationship": "Outer",
                                                    "Parallel Aware": false,
                                                    "Async Capable": false,
                                                    "Startup Cost": 111494.0,
                                                    "Total Cost": 111502.55,
                                                    "Plan Rows": 3422,
                                                    "Plan Width": 30,
                                                    "Sort Key": [
                                                        "customer.c_city",
                                                        "supplier.s_city",
                                                        "dim_date.d_year"
                                                    ],
                                                    "Plans": [
                                                        {
                                                            "Node Type": "Hash Join",
                                                            "Parent Relationship": "Outer",
                                                            "Parallel Aware": false,
                                                            "Async Capable": false,
                                                            "Join Type": "Inner",
                                                            "Startup Cost": 1008.44,
                                                            "Total Cost": 111293.12,
                                                            "Plan Rows": 3422,
                                                            "Plan Width": 30,
                                                            "Inner Unique": true,
                                                            "Hash Cond": "(lineorder.lo_orderdate = dim_date.d_datekey)",
                                                            "Plans": [
                                                                {
                                                                    "Node Type": "Hash Join",
                                                                    "Parent Relationship": "Outer",
                                                                    "Parallel Aware": false,
                                                                    "Async Capable": false,
                                                                    "Join Type": "Inner",
                                                                    "Startup Cost": 901.7,
                                                                    "Total Cost": 111175.88,
                                                                    "Plan Rows": 3991,
                                                                    "Plan Width": 30,
                                                                    "Inner Unique": true,
                                                                    "Hash Cond": "(lineorder.lo_custkey = customer.c_custkey)",
                                                                    "Plans": [
                                                                        {
                                                                            "Node Type": "Hash Join",
                                                                            "Parent Relationship": "Outer",
                                                                            "Parallel Aware": false,
                                                                            "Async Capable": false,
                                                                            "Join Type": "Inner",
                                                                            "Startup Cost": 53.95,
                                                                            "Total Cost": 110078.67,
                                                                            "Plan Rows": 95019,
                                                                            "Plan Width": 23,
                                                                            "Inner Unique": true,
                                                                            "Hash Cond": "(lineorder.lo_suppkey = supplier.s_suppkey)",
                                                                            "Plans": [
                                                                                {
                                                                                    "Node Type": "Seq Scan",
                                                                                    "Parent Relationship": "Outer",
                                                                                    "Parallel Aware": true,
                                                                                    "Async Capable": false,
                                                                                    "Relation Name": "lineorder",
                                                                                    "Alias": "lineorder",
                                                                                    "Startup Cost": 0.0,
                                                                                    "Total Cost": 103447.0,
                                                                                    "Plan Rows": 2500500,
                                                                                    "Plan Width": 16
                                                                                },
                                                                                {
                                                                                    "Node Type": "Hash",
                                                                                    "Parent Relationship": "Inner",
                                                                                    "Parallel Aware": false,
                                                                                    "Async Capable": false,
                                                                                    "Startup Cost": 53.0,
                                                                                    "Total Cost": 53.0,
                                                                                    "Plan Rows": 76,
                                                                                    "Plan Width": 15,
                                                                                    "Plans": [
                                                                                        {
                                                                                            "Node Type": "Seq Scan",
                                                                                            "Parent Relationship": "Outer",
                                                                                            "Parallel Aware": false,
                                                                                            "Async Capable": false,
                                                                                            "Relation Name": "supplier",
                                                                                            "Alias": "supplier",
                                                                                            "Startup Cost": 0.0,
                                                                                            "Total Cost": 53.0,
                                                                                            "Plan Rows": 76,
                                                                                            "Plan Width": 15,
                                                                                            "Filter": "((s_nation)::text = 'UNITED STATES'::text)"
                                                                                        }
                                                                                    ]
                                                                                }
                                                                            ]
                                                                        },
                                                                        {
                                                                            "Node Type": "Hash",
                                                                            "Parent Relationship": "Inner",
                                                                            "Parallel Aware": false,
                                                                            "Async Capable": false,
                                                                            "Startup Cost": 832.0,
                                                                            "Total Cost": 832.0,
                                                                            "Plan Rows": 1260,
                                                                            "Plan Width": 15,
                                                                            "Plans": [
                                                                                {
                                                                                    "Node Type": "Seq Scan",
                                                                                    "Parent Relationship": "Outer",
                                                                                    "Parallel Aware": false,
                                                                                    "Async Capable": false,
                                                                                    "Relation Name": "customer",
                                                                                    "Alias": "customer",
                                                                                    "Startup Cost": 0.0,
                                                                                    "Total Cost": 832.0,
                                                                                    "Plan Rows": 1260,
                                                                                    "Plan Width": 15,
                                                                                    "Filter": "((c_nation)::text = 'UNITED STATES'::text)"
                                                                                }
                                                                            ]
                                                                        }
                                                                    ]
                                                                },
                                                                {
                                                                    "Node Type": "Hash",
                                                                    "Parent Relationship": "Inner",
                                                                    "Parallel Aware": false,
                                                                    "Async Capable": false,
                                                                    "Startup Cost": 79.34,
                                                                    "Total Cost": 79.34,
                                                                    "Plan Rows": 2192,
                                                                    "Plan Width": 8,
                                                                    "Plans": [
                                                                        {
                                                                            "Node Type": "Seq Scan",
                                                                            "Parent Relationship": "Outer",
                                                                            "Parallel Aware": false,
                                                                            "Async Capable": false,
                                                                            "Relation Name": "dim_date",
                                                                            "Alias": "dim_date",
                                                                            "Startup Cost": 0.0,
                                                                            "Total Cost": 79.34,
                                                                            "Plan Rows": 2192,
                                                                            "Plan Width": 8,
                                                                            "Filter": "((d_year >= 1992) AND (d_year <= 1997))"
                                                                        }
                                                                    ]
                                                                }
                                                            ]
                                                        }
                                                    ]
                                                }
                                            ]
                                        }
                                    ]
                                }
                            ]
                        }
                    ]
                },
                "JIT": {
                    "Functions": 41,
                    "Options": {
                        "Inlining": false,
                        "Optimization": false,
                        "Expressions": true,
                        "Deforming": true
                    }
                }
            }
        ]
    ]
]