[
    [
        [
            {
                "Plan": {
                    "Node Type": "Aggregate",
                    "Strategy": "Sorted",
                    "Partial Mode": "Finalize",
                    "Parallel Aware": false,
                    "Async Capable": false,
                    "Startup Cost": 114603.72,
                    "Total Cost": 114663.7,
                    "Plan Rows": 481,
                    "Plan Width": 32,
                    "Group Key": [
                        "dim_date.d_year",
                        "supplier.s_city",
                        "part.p_brand1"
                    ],
                    "Plans": [
                        {
                            "Node Type": "Gather Merge",
                            "Parent Relationship": "Outer",
                            "Parallel Aware": false,
                            "Async Capable": false,
                            "Startup Cost": 114603.72,
                            "Total Cost": 114654.89,
                            "Plan Rows": 400,
                            "Plan Width": 32,
                            "Workers Planned": 2,
                            "Plans": [
                                {
                                    "Node Type": "Aggregate",
                                    "Strategy": "Sorted",
                                    "Partial Mode": "Partial",
                                    "Parent Relationship": "Outer",
                                    "Parallel Aware": false,
                                    "Async Capable": false,
                                    "Startup Cost": 113603.69,
                                    "Total Cost": 113608.69,
                                    "Plan Rows": 200,
                                    "Plan Width": 32,
                                    "Group Key": [
                                        "dim_date.d_year",
                                        "supplier.s_city",
                                        "part.p_brand1"
                                    ],
                                    "Plans": [
                                        {
                                            "Node Type": "Sort",
                                            "Parent Relationship": "Outer",
                                            "Parallel Aware": false,
                                            "Async Capable": false,
                                            "Startup Cost": 113603.69,
                                            "Total Cost": 113604.19,
                                            "Plan Rows": 200,
                                            "Plan Width": 32,
                                            "Sort Key": [
                                                "dim_date.d_year",
                                                "supplier.s_city",
                                                "part.p_brand1"
                                            ],
                                            "Plans": [
                                                {
                                                    "Node Type": "Nested Loop",
                                                    "Parent Relationship": "Outer",
                                                    "Parallel Aware": false,
                                                    "Async Capable": false,
                                                    "Join Type": "Inner",
                                                    "Startup Cost": 1049.07,
                                                    "Total Cost": 113596.05,
                                                    "Plan Rows": 200,
                                                    "Plan Width": 32,
                                                    "Inner Unique": true,
                                                    "Plans": [
                                                        {
                                                            "Node Type": "Hash Join",
                                                            "Parent Relationship": "Outer",
                                                            "Parallel Aware": false,
                                                            "Async Capable": false,
                                                            "Join Type": "Inner",
                                                            "Startup Cost": 1048.65,
                                                            "Total Cost": 111372.72,
                                                            "Plan Rows": 5027,
                                                            "Plan Width": 27,
                                                            "Inner Unique": true,
                                                            "Hash Cond": "(lineorder.lo_orderdate = dim_date.d_datekey)",
                                                            "Plans": [
                                                                {
                                                                    "Node Type": "Hash Join",
                                                                    "Parent Relationship": "Outer",
                                                                    "Parallel Aware": false,
                                                                    "Async Capable": false,
                                                                    "Join Type": "Inner",
                                                                    "Startup Cost": 960.85,
                                                                    "Total Cost": 111235.03,
                                                                    "Plan Rows": 18978,
                                                                    "Plan Width": 27,
                                                                    "Inner Unique": true,
                                                                    "Hash Cond": "(lineorder.lo_custkey = customer.c_custkey)",
                                                                    "Plans": [
                                                                        {
                                                                            "Node Type": "Hash Join",
                                                                            "Parent Relationship": "Outer",
                                                                            "Parallel Aware": false,
                                                                            "Async Capable": false,
                                                                            "Join Type": "Inner",
                                                                            "Startup Cost": 53.95,
                                                                            "Total Cost": 110078.67,
                                                                            "Plan Rows": 95019,
                                                                            "Plan Width": 31,
                                                                            "Inner Unique": true,
                                                                            "Hash Cond": "(lineorder.lo_suppkey = supplier.s_suppkey)",
                                                                            "Plans": [
                                                                                {
                                                                                    "Node Type": "Seq Scan",
                                                                                    "Parent Relationship": "Outer",
                                                                                    "Parallel Aware": true,
                                                                                    "Async Capable": false,
                                                                                    "Relation Name": "lineorder",
                                                                                    "Alias": "lineorder",
                                                                                    "Startup Cost": 0.0,
                                                                                    "Total Cost": 103447.0,
                                                                                    "Plan Rows": 2500500,
                                                                                    "Plan Width": 24
                                                                                },
                                                                                {
                                                                                    "Node Type": "Hash",
                                                                                    "Parent Relationship": "Inner",
                                                                                    "Parallel Aware": false,
                                                                                    "Async Capable": false,
                                                                                    "Startup Cost": 53.0,
                                                                                    "Total Cost": 53.0,
                                                                                    "Plan Rows": 76,
                                                                                    "Plan Width": 15,
                                                                                    "Plans": [
                                                                                        {
                                                                                            "Node Type": "Seq Scan",
                                                                                            "Parent Relationship": "Outer",
                                                                                            "Parallel Aware": false,
                                                                                            "Async Capable": false,
                                                                                            "Relation Name": "supplier",
                                                                                            "Alias": "supplier",
                                                                                            "Startup Cost": 0.0,
                                                                                            "Total Cost": 53.0,
                                                                                            "Plan Rows": 76,
                                                                                            "Plan Width": 15,
                                                                                            "Filter": "((s_nation)::text = 'UNITED STATES'::text)"
                                                                                        }
                                                                                    ]
                                                                                }
                                                                            ]
                                                                        },
                                                                        {
                                                                            "Node Type": "Hash",
                                                                            "Parent Relationship": "Inner",
                                                                            "Parallel Aware": false,
                                                                            "Async Capable": false,
                                                                            "Startup Cost": 832.0,
                                                                            "Total Cost": 832.0,
                                                                            "Plan Rows": 5992,
                                                                            "Plan Width": 4,
                                                                            "Plans": [
                                                                                {
                                                                                    "Node Type": "Seq Scan",
                                                                                    "Parent Relationship": "Outer",
                                                                                    "Parallel Aware": false,
                                                                                    "Async Capable": false,
                                                                                    "Relation Name": "customer",
                                                                                    "Alias": "customer",
                                                                                    "Startup Cost": 0.0,
                                                                                    "Total Cost": 832.0,
                                                                                    "Plan Rows": 5992,
                                                                                    "Plan Width": 4,
                                                                                    "Filter": "((c_region)::text = 'AMERICA'::text)"
                                                                                }
                                                                            ]
                                                                        }
                                                                    ]
                                                                },
                                                                {
                                                                    "Node Type": "Hash",
                                                                    "Parent Relationship": "Inner",
                                                                    "Parallel Aware": false,
                                                                    "Async Capable": false,
                                                                    "Startup Cost": 79.34,
                                                                    "Total Cost": 79.34,
                                                                    "Plan Rows": 677,
                                                                    "Plan Width": 8,
                                                                    "Plans": [
                                                                        {
                                                                            "Node Type": "Seq Scan",
                                                                            "Parent Relationship": "Outer",
                                                                            "Parallel Aware": false,
                                                                            "Async Capable": false,
                                                                            "Relation Name": "dim_date",
                                                                            "Alias": "dim_date",
                                                                            "Startup Cost": 0.0,
                                                                            "Total Cost": 79.34,
                                                                            "Plan Rows": 677,
                                                                            "Plan Width": 8,
                                                                            "Filter": "((d_year = 1997) OR (d_year = 1998))"
                                                                        }
                                                                    ]
                                                                }
                                                            ]
                                                        },
                                                        {
                                                            "Node Type": "Index Scan",
                                                            "Parent Relationship": "Inner",
                                                            "Parallel Aware": false,
                                                            "Async Capable": false,
                                                            "Scan Direction": "Forward",
                                                            "Index Name": "part_pkey",
                                                            "Relation Name": "part",
                                                            "Alias": "part",
                                                            "Startup Cost": 0.42,
                                                            "Total Cost": 0.44,
                                                            "Plan Rows": 1,
                                                            "Plan Width": 13,
                                                            "Index Cond": "(p_partkey = lineorder.lo_partkey)",
                                                            "Filter": "((p_category)::text = 'MFGR#14'::text)"
                                                        }
                                                    ]
                                                }
                                            ]
                                        }
                                    ]
                                }
                            ]
                        }
                    ]
                },
                "JIT": {
                    "Functions": 46,
                    "Options": {
                        "Inlining": false,
                        "Optimization": false,
                        "Expressions": true,
                        "Deforming": true
                    }
                }
            }
        ]
    ]
]